d:\work\upgrade2019\3rdparty\efal\solution\samples\nfal\x64\debug\nfal.pch
d:\work\upgrade2019\3rdparty\efal\solution\samples\nfal\x64\debug\vc142.pdb
d:\work\upgrade2019\3rdparty\efal\solution\samples\nfal\x64\debug\stdafx.obj
d:\work\upgrade2019\3rdparty\efal\solution\samples\nfal\x64\debug\nfal.obj
d:\work\upgrade2019\3rdparty\efal\solution\samples\nfal\x64\debug\assemblyinfo.obj
d:\work\upgrade2019\3rdparty\efal\solution\samples\nfal\x64\debug\.netframework,version=v4.5.2.assemblyattributes.obj
d:\work\upgrade2019\3rdparty\efal\solution\samples\nfal\x64\debug\.netframework,version=v4.5.2.assemblyattributes.asm
d:\work\upgrade2019\3rdparty\efal\solution\samples\nfal\x64\debug\nfal.dll
d:\work\upgrade2019\3rdparty\efal\solution\samples\nfal\x64\debug\nfal.pdb
d:\work\upgrade2019\3rdparty\efal\solution\samples\nfal\x64\debug\app.res
d:\work\upgrade2019\3rdparty\efal\solution\samples\nfal\x64\debug\nfal.vcxprojassemblyreference.cache
d:\work\upgrade2019\3rdparty\efal\solution\samples\nfal\x64\debug\nfal.dll.metagen
d:\work\upgrade2019\3rdparty\efal\solution\samples\nfal\x64\debug\nfal.tlog\cl.command.1.tlog
d:\work\upgrade2019\3rdparty\efal\solution\samples\nfal\x64\debug\nfal.tlog\cl.read.1.tlog
d:\work\upgrade2019\3rdparty\efal\solution\samples\nfal\x64\debug\nfal.tlog\cl.write.1.tlog
d:\work\upgrade2019\3rdparty\efal\solution\samples\nfal\x64\debug\nfal.tlog\link.command.1.tlog
d:\work\upgrade2019\3rdparty\efal\solution\samples\nfal\x64\debug\nfal.tlog\link.read.1.tlog
d:\work\upgrade2019\3rdparty\efal\solution\samples\nfal\x64\debug\nfal.tlog\link.write.1.tlog
d:\work\upgrade2019\3rdparty\efal\solution\samples\nfal\x64\debug\nfal.tlog\metagen.read.1.tlog
d:\work\upgrade2019\3rdparty\efal\solution\samples\nfal\x64\debug\nfal.tlog\metagen.write.1.tlog
d:\work\upgrade2019\3rdparty\efal\solution\samples\nfal\x64\debug\nfal.tlog\rc.command.1.tlog
d:\work\upgrade2019\3rdparty\efal\solution\samples\nfal\x64\debug\nfal.tlog\rc.read.1.tlog
d:\work\upgrade2019\3rdparty\efal\solution\samples\nfal\x64\debug\nfal.tlog\rc.write.1.tlog
