d:\work\upgrade2019\3rdparty\efal\solution\samples\text2tab\x64\debug\text2tab.pch
d:\work\upgrade2019\3rdparty\efal\solution\samples\text2tab\x64\debug\vc142.pdb
d:\work\upgrade2019\3rdparty\efal\solution\samples\text2tab\x64\debug\vc142.idb
d:\work\upgrade2019\3rdparty\efal\solution\samples\text2tab\x64\debug\stdafx.obj
d:\work\upgrade2019\3rdparty\efal\solution\samples\text2tab\x64\debug\transaction.obj
d:\work\upgrade2019\3rdparty\efal\solution\samples\text2tab\x64\debug\textprocessing.obj
d:\work\upgrade2019\3rdparty\efal\solution\samples\text2tab\x64\debug\text2tab.obj
d:\work\upgrade2019\3rdparty\efal\solution\samples\text2tab\x64\debug\textfile.obj
d:\work\upgrade2019\3rdparty\efal\solution\samples\text2tab\x64\debug\hpslib.obj
d:\work\upgrade2019\3rdparty\efal\solution\samples\text2tab\x64\debug\efalutilities.obj
d:\work\upgrade2019\3rdparty\efal\solution\samples\text2tab\x64\debug\commandline.obj
d:\work\upgrade2019\3rdparty\efal\solution\samples\text2tab\x64\debug\wktconvert.obj
d:\work\upgrade2019\3rdparty\efal\solution\samples\text2tab\x64\debug\wkbgeometry.obj
d:\work\upgrade2019\3rdparty\efal\solution\samples\text2tab\x64\debug\text2tab.ilk
d:\work\upgrade2019\3rdparty\efal\solution\samples\text2tab\x64\debug\text2tab.exe
d:\work\upgrade2019\3rdparty\efal\solution\samples\text2tab\x64\debug\text2tab.pdb
d:\work\upgrade2019\3rdparty\efal\solution\samples\text2tab\x64\debug\text2tab.tlog\cl.command.1.tlog
d:\work\upgrade2019\3rdparty\efal\solution\samples\text2tab\x64\debug\text2tab.tlog\cl.read.1.tlog
d:\work\upgrade2019\3rdparty\efal\solution\samples\text2tab\x64\debug\text2tab.tlog\cl.write.1.tlog
d:\work\upgrade2019\3rdparty\efal\solution\samples\text2tab\x64\debug\text2tab.tlog\link.command.1.tlog
d:\work\upgrade2019\3rdparty\efal\solution\samples\text2tab\x64\debug\text2tab.tlog\link.read.1.tlog
d:\work\upgrade2019\3rdparty\efal\solution\samples\text2tab\x64\debug\text2tab.tlog\link.write.1.tlog
